<?xml version="1.0" encoding="UTF-8"?>
<!-- Generated by org.testng.reporters.JUnitXMLReporter -->
<testsuite ignored="1" hostname="GVG-103" failures="0" tests="2" name="Test2" time="341.621" errors="0" timestamp="2022-10-07T10:55:15 IST">
  <testcase classname="pom.UnifiedTara_realnumber_Tests.Inventorymgt_Test" name="Test1_Inventory_mgt" time="166.792"/>
  <testcase classname="pom.UnifiedTara_realnumber_Tests.Inventorymgt_orderDeclined_Test" name="Test1_OrderDeclained" time="174.692"/>
  <testcase classname="pom.UnifiedTara_realnumber_Tests.BaseTest" name="@AfterTest quit" time="0.0">
    <ignored/>
  </testcase> <!-- @AfterTest quit -->
</testsuite> <!-- Test2 -->
