<?xml version="1.0" encoding="UTF-8"?>
<!-- Generated by org.testng.reporters.JUnitXMLReporter -->
<testsuite ignored="8" hostname="GVG139" failures="8" tests="14" name="Test" time="1155.008" errors="0" timestamp="2022-09-30T07:30:35 IST">
  <testcase classname="pom.UnifiedTara_realnumber_Tests.Onboarding_Test" name="Add_PaymentTest" time="158.78"/>
  <testcase classname="pom.UnifiedTara_realnumber_Tests.AddProduct_Test" name="Test1_addproduct" time="92.391"/>
  <testcase classname="pom.UnifiedTara_realnumber_Tests.AddProduct_Test" name="Test4_AddProductWithoutName" time="56.687"/>
  <testcase classname="pom.UnifiedTara_realnumber_Tests.uploadCSV_Test" name="Test1_UploadCSV" time="64.06">
    <failure type="org.openqa.selenium.TimeoutException" message="Timed out after 20 seconds waiting for element to be clickable: Proxy element for: DefaultElementLocator &amp;apos;By.xpath: //android.widget.ImageView[@content-desc=&amp;quot;Inventory&amp;quot;]&amp;apos;
Build info: version: &amp;apos;2.53.0&amp;apos;, revision: &amp;apos;35ae25b1534ae328c771e0856c93e187490ca824&amp;apos;, time: &amp;apos;2016-03-15 10:43:46&amp;apos;
System info: host: &amp;apos;GVG139&amp;apos;, ip: &amp;apos;192.168.1.3&amp;apos;, os.name: &amp;apos;Windows 10&amp;apos;, os.arch: &amp;apos;amd64&amp;apos;, os.version: &amp;apos;10.0&amp;apos;, java.version: &amp;apos;18.0.1.1&amp;apos;
Driver info: io.appium.java_client.android.AndroidDriver
Capabilities [{appPackage=app.tara.tara_app, statBarHeight=93, noReset=true, viewportRect={top=93, left=0, width=1080, height=2084}, deviceName=9ecba005, platform=LINUX, deviceUDID=9ecba005, desired={appActivity=app.tara.tara_app.MainActivity, appPackage=app.tara.tara_app, app=D:\UnifiedTara\apk\app-release_v3.0.3+29.apk, noReset=true, newCommandTimeout=180, platformVersion=11, browserName=, autoGrantPermissions=true, udid=9ecba005, platformName=Android, deviceName=Redmi sasi}, newCommandTimeout=180, platformVersion=11, webStorageEnabled=false, takesScreenshot=true, browserName=, javascriptEnabled=true, udid=9ecba005, platformName=Android, deviceApiLevel=30, deviceManufacturer=Xiaomi, app=D:\UnifiedTara\apk\app-release_v3.0.3+29.apk, deviceScreenSize=1080x2400, networkConnectionEnabled=true, warnings={}, databaseEnabled=false, appActivity=app.tara.tara_app.MainActivity, pixelRatio=2.75, locationContextEnabled=false, autoGrantPermissions=true, deviceScreenDensity=440, deviceModel=M2101K6P}]
Session ID: 86345426-20fc-4122-8a95-fabfb6d0a846">
      <![CDATA[org.openqa.selenium.TimeoutException: Timed out after 20 seconds waiting for element to be clickable: Proxy element for: DefaultElementLocator 'By.xpath: //android.widget.ImageView[@content-desc="Inventory"]'
Build info: version: '2.53.0', revision: '35ae25b1534ae328c771e0856c93e187490ca824', time: '2016-03-15 10:43:46'
System info: host: 'GVG139', ip: '192.168.1.3', os.name: 'Windows 10', os.arch: 'amd64', os.version: '10.0', java.version: '18.0.1.1'
Driver info: io.appium.java_client.android.AndroidDriver
Capabilities [{appPackage=app.tara.tara_app, statBarHeight=93, noReset=true, viewportRect={top=93, left=0, width=1080, height=2084}, deviceName=9ecba005, platform=LINUX, deviceUDID=9ecba005, desired={appActivity=app.tara.tara_app.MainActivity, appPackage=app.tara.tara_app, app=D:\UnifiedTara\apk\app-release_v3.0.3+29.apk, noReset=true, newCommandTimeout=180, platformVersion=11, browserName=, autoGrantPermissions=true, udid=9ecba005, platformName=Android, deviceName=Redmi sasi}, newCommandTimeout=180, platformVersion=11, webStorageEnabled=false, takesScreenshot=true, browserName=, javascriptEnabled=true, udid=9ecba005, platformName=Android, deviceApiLevel=30, deviceManufacturer=Xiaomi, app=D:\UnifiedTara\apk\app-release_v3.0.3+29.apk, deviceScreenSize=1080x2400, networkConnectionEnabled=true, warnings={}, databaseEnabled=false, appActivity=app.tara.tara_app.MainActivity, pixelRatio=2.75, locationContextEnabled=false, autoGrantPermissions=true, deviceScreenDensity=440, deviceModel=M2101K6P}]
Session ID: 86345426-20fc-4122-8a95-fabfb6d0a846
at org.openqa.selenium.support.ui.WebDriverWait.timeoutException(WebDriverWait.java:80)
at org.openqa.selenium.support.ui.FluentWait.until(FluentWait.java:261)
at pom.UnifiedTara.pages.base.BasePage.waitForElementforClick(BasePage.java:93)
at pom.UnifiedTara.pages.AddProduct_Page.NavigationTo_addProduct(AddProduct_Page.java:144)
at pom.UnifiedTara_realnumber_Tests.uploadCSV_Test.Test1_UploadCSV(uploadCSV_Test.java:26)
at java.base/java.util.ArrayList.forEach(ArrayList.java:1511)
Caused by: org.openqa.selenium.NoSuchElementException: An element could not be located on the page using the given search parameters. (WARNING: The server did not provide any stacktrace information)
Command duration or timeout: 10.39 seconds
For documentation on this error, please visit: http://seleniumhq.org/exceptions/no_such_element.html
Build info: version: '2.53.0', revision: '35ae25b1534ae328c771e0856c93e187490ca824', time: '2016-03-15 10:43:46'
System info: host: 'GVG139', ip: '192.168.1.3', os.name: 'Windows 10', os.arch: 'amd64', os.version: '10.0', java.version: '18.0.1.1'
Driver info: io.appium.java_client.android.AndroidDriver
Capabilities [{appPackage=app.tara.tara_app, statBarHeight=93, noReset=true, viewportRect={top=93, left=0, width=1080, height=2084}, deviceName=9ecba005, platform=LINUX, deviceUDID=9ecba005, desired={appActivity=app.tara.tara_app.MainActivity, appPackage=app.tara.tara_app, app=D:\UnifiedTara\apk\app-release_v3.0.3+29.apk, noReset=true, newCommandTimeout=180, platformVersion=11, browserName=, autoGrantPermissions=true, udid=9ecba005, platformName=Android, deviceName=Redmi sasi}, newCommandTimeout=180, platformVersion=11, webStorageEnabled=false, takesScreenshot=true, browserName=, javascriptEnabled=true, udid=9ecba005, platformName=Android, deviceApiLevel=30, deviceManufacturer=Xiaomi, app=D:\UnifiedTara\apk\app-release_v3.0.3+29.apk, deviceScreenSize=1080x2400, networkConnectionEnabled=true, warnings={}, databaseEnabled=false, appActivity=app.tara.tara_app.MainActivity, pixelRatio=2.75, locationContextEnabled=false, autoGrantPermissions=true, deviceScreenDensity=440, deviceModel=M2101K6P}]
Session ID: 86345426-20fc-4122-8a95-fabfb6d0a846
*** Element info: {Using=xpath, value=//android.widget.ImageView[@content-desc="Inventory"]}
at org.openqa.selenium.remote.ErrorHandler.createThrowable(ErrorHandler.java:206)
at org.openqa.selenium.remote.ErrorHandler.throwIfResponseFailed(ErrorHandler.java:158)
at org.openqa.selenium.remote.RemoteWebDriver.execute(RemoteWebDriver.java:678)
at io.appium.java_client.DefaultGenericMobileDriver.execute(DefaultGenericMobileDriver.java:42)
at io.appium.java_client.AppiumDriver.execute(AppiumDriver.java:1)
at io.appium.java_client.android.AndroidDriver.execute(AndroidDriver.java:1)
at org.openqa.selenium.remote.RemoteWebDriver.findElement(RemoteWebDriver.java:363)
at org.openqa.selenium.remote.RemoteWebDriver.findElementByXPath(RemoteWebDriver.java:500)
at io.appium.java_client.DefaultGenericMobileDriver.findElementByXPath(DefaultGenericMobileDriver.java:132)
at io.appium.java_client.AppiumDriver.findElementByXPath(AppiumDriver.java:1)
at io.appium.java_client.android.AndroidDriver.findElementByXPath(AndroidDriver.java:1)
at org.openqa.selenium.By$ByXPath.findElement(By.java:361)
at org.openqa.selenium.remote.RemoteWebDriver.findElement(RemoteWebDriver.java:355)
at io.appium.java_client.DefaultGenericMobileDriver.findElement(DefaultGenericMobileDriver.java:52)
at io.appium.java_client.AppiumDriver.findElement(AppiumDriver.java:1)
at io.appium.java_client.android.AndroidDriver.findElement(AndroidDriver.java:1)
at org.openqa.selenium.support.pagefactory.DefaultElementLocator.findElement(DefaultElementLocator.java:69)
at org.openqa.selenium.support.pagefactory.internal.LocatingElementHandler.invoke(LocatingElementHandler.java:38)
at jdk.proxy2/jdk.proxy2.$Proxy12.isDisplayed(Unknown Source)
at org.openqa.selenium.support.ui.ExpectedConditions.elementIfVisible(ExpectedConditions.java:302)
at org.openqa.selenium.support.ui.ExpectedConditions.access$100(ExpectedConditions.java:41)
at org.openqa.selenium.support.ui.ExpectedConditions$10.apply(ExpectedConditions.java:288)
at org.openqa.selenium.support.ui.ExpectedConditions$10.apply(ExpectedConditions.java:285)
at org.openqa.selenium.support.ui.ExpectedConditions$23.apply(ExpectedConditions.java:687)
at org.openqa.selenium.support.ui.ExpectedConditions$23.apply(ExpectedConditions.java:680)
at org.openqa.selenium.support.ui.FluentWait.until(FluentWait.java:238)
... 29 more
... Removed 28 stack frames]]>
    </failure>
  </testcase> <!-- Test1_UploadCSV -->
  <testcase classname="pom.UnifiedTara_realnumber_Tests.uploadCSV_Test" name="Test2_SearchProduct" time="14.447">
    <failure type="org.openqa.selenium.NoSuchElementException" message="An element could not be located on the page using the given search parameters. (WARNING: The server did not provide any stacktrace information)
Command duration or timeout: 10.42 seconds
For documentation on this error, please visit: http://seleniumhq.org/exceptions/no_such_element.html
Build info: version: &amp;apos;2.53.0&amp;apos;, revision: &amp;apos;35ae25b1534ae328c771e0856c93e187490ca824&amp;apos;, time: &amp;apos;2016-03-15 10:43:46&amp;apos;
System info: host: &amp;apos;GVG139&amp;apos;, ip: &amp;apos;192.168.1.3&amp;apos;, os.name: &amp;apos;Windows 10&amp;apos;, os.arch: &amp;apos;amd64&amp;apos;, os.version: &amp;apos;10.0&amp;apos;, java.version: &amp;apos;18.0.1.1&amp;apos;
Driver info: io.appium.java_client.android.AndroidDriver
Capabilities [{appPackage=app.tara.tara_app, statBarHeight=93, noReset=true, viewportRect={top=93, left=0, width=1080, height=2084}, deviceName=9ecba005, platform=LINUX, deviceUDID=9ecba005, desired={appActivity=app.tara.tara_app.MainActivity, appPackage=app.tara.tara_app, app=D:\UnifiedTara\apk\app-release_v3.0.3+29.apk, noReset=true, newCommandTimeout=180, platformVersion=11, browserName=, autoGrantPermissions=true, udid=9ecba005, platformName=Android, deviceName=Redmi sasi}, newCommandTimeout=180, platformVersion=11, webStorageEnabled=false, takesScreenshot=true, browserName=, javascriptEnabled=true, udid=9ecba005, platformName=Android, deviceApiLevel=30, deviceManufacturer=Xiaomi, app=D:\UnifiedTara\apk\app-release_v3.0.3+29.apk, deviceScreenSize=1080x2400, networkConnectionEnabled=true, warnings={}, databaseEnabled=false, appActivity=app.tara.tara_app.MainActivity, pixelRatio=2.75, locationContextEnabled=false, autoGrantPermissions=true, deviceScreenDensity=440, deviceModel=M2101K6P}]
Session ID: 86345426-20fc-4122-8a95-fabfb6d0a846
*** Element info: {Using=xpath, value=//android.widget.EditText[@index=&amp;apos;0&amp;apos;]}">
      <![CDATA[org.openqa.selenium.NoSuchElementException: An element could not be located on the page using the given search parameters. (WARNING: The server did not provide any stacktrace information)
Command duration or timeout: 10.42 seconds
For documentation on this error, please visit: http://seleniumhq.org/exceptions/no_such_element.html
Build info: version: '2.53.0', revision: '35ae25b1534ae328c771e0856c93e187490ca824', time: '2016-03-15 10:43:46'
System info: host: 'GVG139', ip: '192.168.1.3', os.name: 'Windows 10', os.arch: 'amd64', os.version: '10.0', java.version: '18.0.1.1'
Driver info: io.appium.java_client.android.AndroidDriver
Capabilities [{appPackage=app.tara.tara_app, statBarHeight=93, noReset=true, viewportRect={top=93, left=0, width=1080, height=2084}, deviceName=9ecba005, platform=LINUX, deviceUDID=9ecba005, desired={appActivity=app.tara.tara_app.MainActivity, appPackage=app.tara.tara_app, app=D:\UnifiedTara\apk\app-release_v3.0.3+29.apk, noReset=true, newCommandTimeout=180, platformVersion=11, browserName=, autoGrantPermissions=true, udid=9ecba005, platformName=Android, deviceName=Redmi sasi}, newCommandTimeout=180, platformVersion=11, webStorageEnabled=false, takesScreenshot=true, browserName=, javascriptEnabled=true, udid=9ecba005, platformName=Android, deviceApiLevel=30, deviceManufacturer=Xiaomi, app=D:\UnifiedTara\apk\app-release_v3.0.3+29.apk, deviceScreenSize=1080x2400, networkConnectionEnabled=true, warnings={}, databaseEnabled=false, appActivity=app.tara.tara_app.MainActivity, pixelRatio=2.75, locationContextEnabled=false, autoGrantPermissions=true, deviceScreenDensity=440, deviceModel=M2101K6P}]
Session ID: 86345426-20fc-4122-8a95-fabfb6d0a846
*** Element info: {Using=xpath, value=//android.widget.EditText[@index='0']}
at org.openqa.selenium.remote.ErrorHandler.createThrowable(ErrorHandler.java:206)
at org.openqa.selenium.remote.ErrorHandler.throwIfResponseFailed(ErrorHandler.java:158)
at org.openqa.selenium.remote.RemoteWebDriver.execute(RemoteWebDriver.java:678)
at io.appium.java_client.DefaultGenericMobileDriver.execute(DefaultGenericMobileDriver.java:42)
at io.appium.java_client.AppiumDriver.execute(AppiumDriver.java:1)
at io.appium.java_client.android.AndroidDriver.execute(AndroidDriver.java:1)
at org.openqa.selenium.remote.RemoteWebDriver.findElement(RemoteWebDriver.java:363)
at org.openqa.selenium.remote.RemoteWebDriver.findElementByXPath(RemoteWebDriver.java:500)
at io.appium.java_client.DefaultGenericMobileDriver.findElementByXPath(DefaultGenericMobileDriver.java:132)
at io.appium.java_client.AppiumDriver.findElementByXPath(AppiumDriver.java:1)
at io.appium.java_client.android.AndroidDriver.findElementByXPath(AndroidDriver.java:1)
at org.openqa.selenium.By$ByXPath.findElement(By.java:361)
at org.openqa.selenium.remote.RemoteWebDriver.findElement(RemoteWebDriver.java:355)
at io.appium.java_client.DefaultGenericMobileDriver.findElement(DefaultGenericMobileDriver.java:52)
at io.appium.java_client.AppiumDriver.findElement(AppiumDriver.java:1)
at io.appium.java_client.android.AndroidDriver.findElement(AndroidDriver.java:1)
at org.openqa.selenium.support.pagefactory.DefaultElementLocator.findElement(DefaultElementLocator.java:69)
at org.openqa.selenium.support.pagefactory.internal.LocatingElementHandler.invoke(LocatingElementHandler.java:38)
at jdk.proxy2/jdk.proxy2.$Proxy12.click(Unknown Source)
at pom.UnifiedTara.pages.base.BasePage.typeText(BasePage.java:45)
at pom.UnifiedTara.pages.AddProduct_Page.SearchProduct(AddProduct_Page.java:426)
at pom.UnifiedTara_realnumber_Tests.uploadCSV_Test.Test2_SearchProduct(uploadCSV_Test.java:38)
at java.base/java.util.ArrayList.forEach(ArrayList.java:1511)
... Removed 28 stack frames]]>
    </failure>
  </testcase> <!-- Test2_SearchProduct -->
  <testcase classname="pom.UnifiedTara_realnumber_Tests.Inventorymgt_Test" name="Test1_Inventory_mgt" time="135.722">
    <failure type="org.openqa.selenium.TimeoutException" message="Timed out after 20 seconds waiting for element to be clickable: Proxy element for: DefaultElementLocator &amp;apos;By.xpath: //android.widget.Button[@index=&amp;apos;3&amp;apos;]&amp;apos;
Build info: version: &amp;apos;2.53.0&amp;apos;, revision: &amp;apos;35ae25b1534ae328c771e0856c93e187490ca824&amp;apos;, time: &amp;apos;2016-03-15 10:43:46&amp;apos;
System info: host: &amp;apos;GVG139&amp;apos;, ip: &amp;apos;192.168.1.3&amp;apos;, os.name: &amp;apos;Windows 10&amp;apos;, os.arch: &amp;apos;amd64&amp;apos;, os.version: &amp;apos;10.0&amp;apos;, java.version: &amp;apos;18.0.1.1&amp;apos;
Driver info: io.appium.java_client.android.AndroidDriver
Capabilities [{appPackage=app.tara.tara_app, statBarHeight=93, noReset=true, viewportRect={top=93, left=0, width=1080, height=2084}, deviceName=9ecba005, platform=LINUX, deviceUDID=9ecba005, desired={appActivity=app.tara.tara_app.MainActivity, appPackage=app.tara.tara_app, app=D:\UnifiedTara\apk\app-release_v3.0.3+29.apk, noReset=true, newCommandTimeout=180, platformVersion=11, browserName=, autoGrantPermissions=true, udid=9ecba005, platformName=Android, deviceName=Redmi sasi}, newCommandTimeout=180, platformVersion=11, webStorageEnabled=false, takesScreenshot=true, browserName=, javascriptEnabled=true, udid=9ecba005, platformName=Android, deviceApiLevel=30, deviceManufacturer=Xiaomi, app=D:\UnifiedTara\apk\app-release_v3.0.3+29.apk, deviceScreenSize=1080x2400, networkConnectionEnabled=true, warnings={}, databaseEnabled=false, appActivity=app.tara.tara_app.MainActivity, pixelRatio=2.75, locationContextEnabled=false, autoGrantPermissions=true, deviceScreenDensity=440, deviceModel=M2101K6P}]
Session ID: 73ba45df-9833-40f4-ab4c-90b8c774abbe">
      <![CDATA[org.openqa.selenium.TimeoutException: Timed out after 20 seconds waiting for element to be clickable: Proxy element for: DefaultElementLocator 'By.xpath: //android.widget.Button[@index='3']'
Build info: version: '2.53.0', revision: '35ae25b1534ae328c771e0856c93e187490ca824', time: '2016-03-15 10:43:46'
System info: host: 'GVG139', ip: '192.168.1.3', os.name: 'Windows 10', os.arch: 'amd64', os.version: '10.0', java.version: '18.0.1.1'
Driver info: io.appium.java_client.android.AndroidDriver
Capabilities [{appPackage=app.tara.tara_app, statBarHeight=93, noReset=true, viewportRect={top=93, left=0, width=1080, height=2084}, deviceName=9ecba005, platform=LINUX, deviceUDID=9ecba005, desired={appActivity=app.tara.tara_app.MainActivity, appPackage=app.tara.tara_app, app=D:\UnifiedTara\apk\app-release_v3.0.3+29.apk, noReset=true, newCommandTimeout=180, platformVersion=11, browserName=, autoGrantPermissions=true, udid=9ecba005, platformName=Android, deviceName=Redmi sasi}, newCommandTimeout=180, platformVersion=11, webStorageEnabled=false, takesScreenshot=true, browserName=, javascriptEnabled=true, udid=9ecba005, platformName=Android, deviceApiLevel=30, deviceManufacturer=Xiaomi, app=D:\UnifiedTara\apk\app-release_v3.0.3+29.apk, deviceScreenSize=1080x2400, networkConnectionEnabled=true, warnings={}, databaseEnabled=false, appActivity=app.tara.tara_app.MainActivity, pixelRatio=2.75, locationContextEnabled=false, autoGrantPermissions=true, deviceScreenDensity=440, deviceModel=M2101K6P}]
Session ID: 73ba45df-9833-40f4-ab4c-90b8c774abbe
at org.openqa.selenium.support.ui.WebDriverWait.timeoutException(WebDriverWait.java:80)
at org.openqa.selenium.support.ui.FluentWait.until(FluentWait.java:261)
at pom.UnifiedTara.pages.base.BasePage.waitForElementforClick(BasePage.java:93)
at pom.UnifiedTara.pages.POS_Order.OrderThroughPos_cash(POS_Order.java:81)
at pom.UnifiedTara_realnumber_Tests.Inventorymgt_Test.Test1_Inventory_mgt(Inventorymgt_Test.java:50)
at java.base/java.util.ArrayList.forEach(ArrayList.java:1511)
Caused by: org.openqa.selenium.NoSuchElementException: An element could not be located on the page using the given search parameters. (WARNING: The server did not provide any stacktrace information)
Command duration or timeout: 10.09 seconds
For documentation on this error, please visit: http://seleniumhq.org/exceptions/no_such_element.html
Build info: version: '2.53.0', revision: '35ae25b1534ae328c771e0856c93e187490ca824', time: '2016-03-15 10:43:46'
System info: host: 'GVG139', ip: '192.168.1.3', os.name: 'Windows 10', os.arch: 'amd64', os.version: '10.0', java.version: '18.0.1.1'
Driver info: io.appium.java_client.android.AndroidDriver
Capabilities [{appPackage=app.tara.tara_app, statBarHeight=93, noReset=true, viewportRect={top=93, left=0, width=1080, height=2084}, deviceName=9ecba005, platform=LINUX, deviceUDID=9ecba005, desired={appActivity=app.tara.tara_app.MainActivity, appPackage=app.tara.tara_app, app=D:\UnifiedTara\apk\app-release_v3.0.3+29.apk, noReset=true, newCommandTimeout=180, platformVersion=11, browserName=, autoGrantPermissions=true, udid=9ecba005, platformName=Android, deviceName=Redmi sasi}, newCommandTimeout=180, platformVersion=11, webStorageEnabled=false, takesScreenshot=true, browserName=, javascriptEnabled=true, udid=9ecba005, platformName=Android, deviceApiLevel=30, deviceManufacturer=Xiaomi, app=D:\UnifiedTara\apk\app-release_v3.0.3+29.apk, deviceScreenSize=1080x2400, networkConnectionEnabled=true, warnings={}, databaseEnabled=false, appActivity=app.tara.tara_app.MainActivity, pixelRatio=2.75, locationContextEnabled=false, autoGrantPermissions=true, deviceScreenDensity=440, deviceModel=M2101K6P}]
Session ID: 73ba45df-9833-40f4-ab4c-90b8c774abbe
*** Element info: {Using=xpath, value=//android.widget.Button[@index='3']}
at org.openqa.selenium.remote.ErrorHandler.createThrowable(ErrorHandler.java:206)
at org.openqa.selenium.remote.ErrorHandler.throwIfResponseFailed(ErrorHandler.java:158)
at org.openqa.selenium.remote.RemoteWebDriver.execute(RemoteWebDriver.java:678)
at io.appium.java_client.DefaultGenericMobileDriver.execute(DefaultGenericMobileDriver.java:42)
at io.appium.java_client.AppiumDriver.execute(AppiumDriver.java:1)
at io.appium.java_client.android.AndroidDriver.execute(AndroidDriver.java:1)
at org.openqa.selenium.remote.RemoteWebDriver.findElement(RemoteWebDriver.java:363)
at org.openqa.selenium.remote.RemoteWebDriver.findElementByXPath(RemoteWebDriver.java:500)
at io.appium.java_client.DefaultGenericMobileDriver.findElementByXPath(DefaultGenericMobileDriver.java:132)
at io.appium.java_client.AppiumDriver.findElementByXPath(AppiumDriver.java:1)
at io.appium.java_client.android.AndroidDriver.findElementByXPath(AndroidDriver.java:1)
at org.openqa.selenium.By$ByXPath.findElement(By.java:361)
at org.openqa.selenium.remote.RemoteWebDriver.findElement(RemoteWebDriver.java:355)
at io.appium.java_client.DefaultGenericMobileDriver.findElement(DefaultGenericMobileDriver.java:52)
at io.appium.java_client.AppiumDriver.findElement(AppiumDriver.java:1)
at io.appium.java_client.android.AndroidDriver.findElement(AndroidDriver.java:1)
at org.openqa.selenium.support.pagefactory.DefaultElementLocator.findElement(DefaultElementLocator.java:69)
at org.openqa.selenium.support.pagefactory.internal.LocatingElementHandler.invoke(LocatingElementHandler.java:38)
at jdk.proxy2/jdk.proxy2.$Proxy12.isDisplayed(Unknown Source)
at org.openqa.selenium.support.ui.ExpectedConditions.elementIfVisible(ExpectedConditions.java:302)
at org.openqa.selenium.support.ui.ExpectedConditions.access$100(ExpectedConditions.java:41)
at org.openqa.selenium.support.ui.ExpectedConditions$10.apply(ExpectedConditions.java:288)
at org.openqa.selenium.support.ui.ExpectedConditions$10.apply(ExpectedConditions.java:285)
at org.openqa.selenium.support.ui.ExpectedConditions$23.apply(ExpectedConditions.java:687)
at org.openqa.selenium.support.ui.ExpectedConditions$23.apply(ExpectedConditions.java:680)
at org.openqa.selenium.support.ui.FluentWait.until(FluentWait.java:238)
... 29 more
... Removed 28 stack frames]]>
    </failure>
  </testcase> <!-- Test1_Inventory_mgt -->
  <testcase classname="pom.UnifiedTara_realnumber_Tests.Inventorymgt_orderDeclined_Test" name="Test1_OrderDeclained" time="154.831"/>
  <testcase classname="pom.UnifiedTara_realnumber_Tests.OutOfStock_Test" name="Test1_OutOfStock" time="93.967"/>
  <testcase classname="pom.UnifiedTara_realnumber_Tests.OrderExceedLimit_Test" name="ordexceedLimit" time="131.356">
    <failure type="org.openqa.selenium.TimeoutException" message="Timed out after 20 seconds waiting for element to be clickable: Proxy element for: DefaultElementLocator &amp;apos;By.xpath: //android.widget.Button[@index=&amp;apos;3&amp;apos;]&amp;apos;
Build info: version: &amp;apos;2.53.0&amp;apos;, revision: &amp;apos;35ae25b1534ae328c771e0856c93e187490ca824&amp;apos;, time: &amp;apos;2016-03-15 10:43:46&amp;apos;
System info: host: &amp;apos;GVG139&amp;apos;, ip: &amp;apos;192.168.1.3&amp;apos;, os.name: &amp;apos;Windows 10&amp;apos;, os.arch: &amp;apos;amd64&amp;apos;, os.version: &amp;apos;10.0&amp;apos;, java.version: &amp;apos;18.0.1.1&amp;apos;
Driver info: io.appium.java_client.android.AndroidDriver
Capabilities [{appPackage=app.tara.tara_app, statBarHeight=93, noReset=true, viewportRect={top=93, left=0, width=1080, height=2084}, deviceName=9ecba005, platform=LINUX, deviceUDID=9ecba005, desired={appActivity=app.tara.tara_app.MainActivity, appPackage=app.tara.tara_app, app=D:\UnifiedTara\apk\app-release_v3.0.3+29.apk, noReset=true, newCommandTimeout=180, platformVersion=11, browserName=, autoGrantPermissions=true, udid=9ecba005, platformName=Android, deviceName=Redmi sasi}, newCommandTimeout=180, platformVersion=11, webStorageEnabled=false, takesScreenshot=true, browserName=, javascriptEnabled=true, udid=9ecba005, platformName=Android, deviceApiLevel=30, deviceManufacturer=Xiaomi, app=D:\UnifiedTara\apk\app-release_v3.0.3+29.apk, deviceScreenSize=1080x2400, networkConnectionEnabled=true, warnings={}, databaseEnabled=false, appActivity=app.tara.tara_app.MainActivity, pixelRatio=2.75, locationContextEnabled=false, autoGrantPermissions=true, deviceScreenDensity=440, deviceModel=M2101K6P}]
Session ID: b7cc7a5b-b967-4aae-9425-0aa115d6b3e4">
      <![CDATA[org.openqa.selenium.TimeoutException: Timed out after 20 seconds waiting for element to be clickable: Proxy element for: DefaultElementLocator 'By.xpath: //android.widget.Button[@index='3']'
Build info: version: '2.53.0', revision: '35ae25b1534ae328c771e0856c93e187490ca824', time: '2016-03-15 10:43:46'
System info: host: 'GVG139', ip: '192.168.1.3', os.name: 'Windows 10', os.arch: 'amd64', os.version: '10.0', java.version: '18.0.1.1'
Driver info: io.appium.java_client.android.AndroidDriver
Capabilities [{appPackage=app.tara.tara_app, statBarHeight=93, noReset=true, viewportRect={top=93, left=0, width=1080, height=2084}, deviceName=9ecba005, platform=LINUX, deviceUDID=9ecba005, desired={appActivity=app.tara.tara_app.MainActivity, appPackage=app.tara.tara_app, app=D:\UnifiedTara\apk\app-release_v3.0.3+29.apk, noReset=true, newCommandTimeout=180, platformVersion=11, browserName=, autoGrantPermissions=true, udid=9ecba005, platformName=Android, deviceName=Redmi sasi}, newCommandTimeout=180, platformVersion=11, webStorageEnabled=false, takesScreenshot=true, browserName=, javascriptEnabled=true, udid=9ecba005, platformName=Android, deviceApiLevel=30, deviceManufacturer=Xiaomi, app=D:\UnifiedTara\apk\app-release_v3.0.3+29.apk, deviceScreenSize=1080x2400, networkConnectionEnabled=true, warnings={}, databaseEnabled=false, appActivity=app.tara.tara_app.MainActivity, pixelRatio=2.75, locationContextEnabled=false, autoGrantPermissions=true, deviceScreenDensity=440, deviceModel=M2101K6P}]
Session ID: b7cc7a5b-b967-4aae-9425-0aa115d6b3e4
at org.openqa.selenium.support.ui.WebDriverWait.timeoutException(WebDriverWait.java:80)
at org.openqa.selenium.support.ui.FluentWait.until(FluentWait.java:261)
at pom.UnifiedTara.pages.base.BasePage.waitForElementforClick(BasePage.java:93)
at pom.UnifiedTara.pages.POS_Order.OrderThroughPosexceedlimit(POS_Order.java:128)
at pom.UnifiedTara_realnumber_Tests.OrderExceedLimit_Test.ordexceedLimit(OrderExceedLimit_Test.java:33)
at java.base/java.util.ArrayList.forEach(ArrayList.java:1511)
Caused by: org.openqa.selenium.NoSuchElementException: An element could not be located on the page using the given search parameters. (WARNING: The server did not provide any stacktrace information)
Command duration or timeout: 10.15 seconds
For documentation on this error, please visit: http://seleniumhq.org/exceptions/no_such_element.html
Build info: version: '2.53.0', revision: '35ae25b1534ae328c771e0856c93e187490ca824', time: '2016-03-15 10:43:46'
System info: host: 'GVG139', ip: '192.168.1.3', os.name: 'Windows 10', os.arch: 'amd64', os.version: '10.0', java.version: '18.0.1.1'
Driver info: io.appium.java_client.android.AndroidDriver
Capabilities [{appPackage=app.tara.tara_app, statBarHeight=93, noReset=true, viewportRect={top=93, left=0, width=1080, height=2084}, deviceName=9ecba005, platform=LINUX, deviceUDID=9ecba005, desired={appActivity=app.tara.tara_app.MainActivity, appPackage=app.tara.tara_app, app=D:\UnifiedTara\apk\app-release_v3.0.3+29.apk, noReset=true, newCommandTimeout=180, platformVersion=11, browserName=, autoGrantPermissions=true, udid=9ecba005, platformName=Android, deviceName=Redmi sasi}, newCommandTimeout=180, platformVersion=11, webStorageEnabled=false, takesScreenshot=true, browserName=, javascriptEnabled=true, udid=9ecba005, platformName=Android, deviceApiLevel=30, deviceManufacturer=Xiaomi, app=D:\UnifiedTara\apk\app-release_v3.0.3+29.apk, deviceScreenSize=1080x2400, networkConnectionEnabled=true, warnings={}, databaseEnabled=false, appActivity=app.tara.tara_app.MainActivity, pixelRatio=2.75, locationContextEnabled=false, autoGrantPermissions=true, deviceScreenDensity=440, deviceModel=M2101K6P}]
Session ID: b7cc7a5b-b967-4aae-9425-0aa115d6b3e4
*** Element info: {Using=xpath, value=//android.widget.Button[@index='3']}
at org.openqa.selenium.remote.ErrorHandler.createThrowable(ErrorHandler.java:206)
at org.openqa.selenium.remote.ErrorHandler.throwIfResponseFailed(ErrorHandler.java:158)
at org.openqa.selenium.remote.RemoteWebDriver.execute(RemoteWebDriver.java:678)
at io.appium.java_client.DefaultGenericMobileDriver.execute(DefaultGenericMobileDriver.java:42)
at io.appium.java_client.AppiumDriver.execute(AppiumDriver.java:1)
at io.appium.java_client.android.AndroidDriver.execute(AndroidDriver.java:1)
at org.openqa.selenium.remote.RemoteWebDriver.findElement(RemoteWebDriver.java:363)
at org.openqa.selenium.remote.RemoteWebDriver.findElementByXPath(RemoteWebDriver.java:500)
at io.appium.java_client.DefaultGenericMobileDriver.findElementByXPath(DefaultGenericMobileDriver.java:132)
at io.appium.java_client.AppiumDriver.findElementByXPath(AppiumDriver.java:1)
at io.appium.java_client.android.AndroidDriver.findElementByXPath(AndroidDriver.java:1)
at org.openqa.selenium.By$ByXPath.findElement(By.java:361)
at org.openqa.selenium.remote.RemoteWebDriver.findElement(RemoteWebDriver.java:355)
at io.appium.java_client.DefaultGenericMobileDriver.findElement(DefaultGenericMobileDriver.java:52)
at io.appium.java_client.AppiumDriver.findElement(AppiumDriver.java:1)
at io.appium.java_client.android.AndroidDriver.findElement(AndroidDriver.java:1)
at org.openqa.selenium.support.pagefactory.DefaultElementLocator.findElement(DefaultElementLocator.java:69)
at org.openqa.selenium.support.pagefactory.internal.LocatingElementHandler.invoke(LocatingElementHandler.java:38)
at jdk.proxy2/jdk.proxy2.$Proxy12.isDisplayed(Unknown Source)
at org.openqa.selenium.support.ui.ExpectedConditions.elementIfVisible(ExpectedConditions.java:302)
at org.openqa.selenium.support.ui.ExpectedConditions.access$100(ExpectedConditions.java:41)
at org.openqa.selenium.support.ui.ExpectedConditions$10.apply(ExpectedConditions.java:288)
at org.openqa.selenium.support.ui.ExpectedConditions$10.apply(ExpectedConditions.java:285)
at org.openqa.selenium.support.ui.ExpectedConditions$23.apply(ExpectedConditions.java:687)
at org.openqa.selenium.support.ui.ExpectedConditions$23.apply(ExpectedConditions.java:680)
at org.openqa.selenium.support.ui.FluentWait.until(FluentWait.java:238)
... 29 more
... Removed 28 stack frames]]>
    </failure>
  </testcase> <!-- ordexceedLimit -->
  <testcase classname="pom.UnifiedTara_realnumber_Tests.voucher_Test" name="Test1_addvocher" time="57.761">
    <failure type="org.openqa.selenium.NoSuchElementException" message="An element could not be located on the page using the given search parameters. (WARNING: The server did not provide any stacktrace information)
Command duration or timeout: 10.01 seconds
For documentation on this error, please visit: http://seleniumhq.org/exceptions/no_such_element.html
Build info: version: &amp;apos;2.53.0&amp;apos;, revision: &amp;apos;35ae25b1534ae328c771e0856c93e187490ca824&amp;apos;, time: &amp;apos;2016-03-15 10:43:46&amp;apos;
System info: host: &amp;apos;GVG139&amp;apos;, ip: &amp;apos;192.168.1.3&amp;apos;, os.name: &amp;apos;Windows 10&amp;apos;, os.arch: &amp;apos;amd64&amp;apos;, os.version: &amp;apos;10.0&amp;apos;, java.version: &amp;apos;18.0.1.1&amp;apos;
Driver info: io.appium.java_client.android.AndroidDriver
Capabilities [{appPackage=app.tara.tara_app, statBarHeight=93, noReset=true, viewportRect={top=93, left=0, width=1080, height=2084}, deviceName=9ecba005, platform=LINUX, deviceUDID=9ecba005, desired={appActivity=app.tara.tara_app.MainActivity, appPackage=app.tara.tara_app, app=D:\UnifiedTara\apk\app-release_v3.0.3+29.apk, noReset=true, newCommandTimeout=180, platformVersion=11, browserName=, autoGrantPermissions=true, udid=9ecba005, platformName=Android, deviceName=Redmi sasi}, newCommandTimeout=180, platformVersion=11, webStorageEnabled=false, takesScreenshot=true, browserName=, javascriptEnabled=true, udid=9ecba005, platformName=Android, deviceApiLevel=30, deviceManufacturer=Xiaomi, app=D:\UnifiedTara\apk\app-release_v3.0.3+29.apk, deviceScreenSize=1080x2400, networkConnectionEnabled=true, warnings={}, databaseEnabled=false, appActivity=app.tara.tara_app.MainActivity, pixelRatio=2.75, locationContextEnabled=false, autoGrantPermissions=true, deviceScreenDensity=440, deviceModel=M2101K6P}]
Session ID: 6efc75e0-7016-4937-918d-f3ea91fa1ffa
*** Element info: {Using=xpath, value=(//android.widget.EditText[@index=&amp;apos;0&amp;apos;])[4]}">
      <![CDATA[org.openqa.selenium.NoSuchElementException: An element could not be located on the page using the given search parameters. (WARNING: The server did not provide any stacktrace information)
Command duration or timeout: 10.01 seconds
For documentation on this error, please visit: http://seleniumhq.org/exceptions/no_such_element.html
Build info: version: '2.53.0', revision: '35ae25b1534ae328c771e0856c93e187490ca824', time: '2016-03-15 10:43:46'
System info: host: 'GVG139', ip: '192.168.1.3', os.name: 'Windows 10', os.arch: 'amd64', os.version: '10.0', java.version: '18.0.1.1'
Driver info: io.appium.java_client.android.AndroidDriver
Capabilities [{appPackage=app.tara.tara_app, statBarHeight=93, noReset=true, viewportRect={top=93, left=0, width=1080, height=2084}, deviceName=9ecba005, platform=LINUX, deviceUDID=9ecba005, desired={appActivity=app.tara.tara_app.MainActivity, appPackage=app.tara.tara_app, app=D:\UnifiedTara\apk\app-release_v3.0.3+29.apk, noReset=true, newCommandTimeout=180, platformVersion=11, browserName=, autoGrantPermissions=true, udid=9ecba005, platformName=Android, deviceName=Redmi sasi}, newCommandTimeout=180, platformVersion=11, webStorageEnabled=false, takesScreenshot=true, browserName=, javascriptEnabled=true, udid=9ecba005, platformName=Android, deviceApiLevel=30, deviceManufacturer=Xiaomi, app=D:\UnifiedTara\apk\app-release_v3.0.3+29.apk, deviceScreenSize=1080x2400, networkConnectionEnabled=true, warnings={}, databaseEnabled=false, appActivity=app.tara.tara_app.MainActivity, pixelRatio=2.75, locationContextEnabled=false, autoGrantPermissions=true, deviceScreenDensity=440, deviceModel=M2101K6P}]
Session ID: 6efc75e0-7016-4937-918d-f3ea91fa1ffa
*** Element info: {Using=xpath, value=(//android.widget.EditText[@index='0'])[4]}
at org.openqa.selenium.remote.ErrorHandler.createThrowable(ErrorHandler.java:206)
at org.openqa.selenium.remote.ErrorHandler.throwIfResponseFailed(ErrorHandler.java:158)
at org.openqa.selenium.remote.RemoteWebDriver.execute(RemoteWebDriver.java:678)
at io.appium.java_client.DefaultGenericMobileDriver.execute(DefaultGenericMobileDriver.java:42)
at io.appium.java_client.AppiumDriver.execute(AppiumDriver.java:1)
at io.appium.java_client.android.AndroidDriver.execute(AndroidDriver.java:1)
at org.openqa.selenium.remote.RemoteWebDriver.findElement(RemoteWebDriver.java:363)
at org.openqa.selenium.remote.RemoteWebDriver.findElementByXPath(RemoteWebDriver.java:500)
at io.appium.java_client.DefaultGenericMobileDriver.findElementByXPath(DefaultGenericMobileDriver.java:132)
at io.appium.java_client.AppiumDriver.findElementByXPath(AppiumDriver.java:1)
at io.appium.java_client.android.AndroidDriver.findElementByXPath(AndroidDriver.java:1)
at org.openqa.selenium.By$ByXPath.findElement(By.java:361)
at org.openqa.selenium.remote.RemoteWebDriver.findElement(RemoteWebDriver.java:355)
at io.appium.java_client.DefaultGenericMobileDriver.findElement(DefaultGenericMobileDriver.java:52)
at io.appium.java_client.AppiumDriver.findElement(AppiumDriver.java:1)
at io.appium.java_client.android.AndroidDriver.findElement(AndroidDriver.java:1)
at org.openqa.selenium.support.pagefactory.DefaultElementLocator.findElement(DefaultElementLocator.java:69)
at org.openqa.selenium.support.pagefactory.internal.LocatingElementHandler.invoke(LocatingElementHandler.java:38)
at jdk.proxy2/jdk.proxy2.$Proxy12.clear(Unknown Source)
at pom.UnifiedTara.pages.base.BasePage.waitForElementforType(BasePage.java:101)
at pom.UnifiedTara.pages.voucher_page.AddVoucherRP(voucher_page.java:151)
at pom.UnifiedTara_realnumber_Tests.voucher_Test.Test1_addvocher(voucher_Test.java:25)
at java.base/java.util.ArrayList.forEach(ArrayList.java:1511)
... Removed 28 stack frames]]>
    </failure>
  </testcase> <!-- Test1_addvocher -->
  <testcase classname="pom.UnifiedTara_realnumber_Tests.voucher_Test" name="Test2_addvocherPercent" time="34.922">
    <failure type="org.openqa.selenium.TimeoutException" message="Timed out after 20 seconds waiting for element to be clickable: Proxy element for: DefaultElementLocator &amp;apos;By.xpath: //android.widget.ImageView[@content-desc=&amp;quot;Add Voucher&amp;quot;]&amp;apos;
Build info: version: &amp;apos;2.53.0&amp;apos;, revision: &amp;apos;35ae25b1534ae328c771e0856c93e187490ca824&amp;apos;, time: &amp;apos;2016-03-15 10:43:46&amp;apos;
System info: host: &amp;apos;GVG139&amp;apos;, ip: &amp;apos;192.168.1.3&amp;apos;, os.name: &amp;apos;Windows 10&amp;apos;, os.arch: &amp;apos;amd64&amp;apos;, os.version: &amp;apos;10.0&amp;apos;, java.version: &amp;apos;18.0.1.1&amp;apos;
Driver info: io.appium.java_client.android.AndroidDriver
Capabilities [{appPackage=app.tara.tara_app, statBarHeight=93, noReset=true, viewportRect={top=93, left=0, width=1080, height=2084}, deviceName=9ecba005, platform=LINUX, deviceUDID=9ecba005, desired={appActivity=app.tara.tara_app.MainActivity, appPackage=app.tara.tara_app, app=D:\UnifiedTara\apk\app-release_v3.0.3+29.apk, noReset=true, newCommandTimeout=180, platformVersion=11, browserName=, autoGrantPermissions=true, udid=9ecba005, platformName=Android, deviceName=Redmi sasi}, newCommandTimeout=180, platformVersion=11, webStorageEnabled=false, takesScreenshot=true, browserName=, javascriptEnabled=true, udid=9ecba005, platformName=Android, deviceApiLevel=30, deviceManufacturer=Xiaomi, app=D:\UnifiedTara\apk\app-release_v3.0.3+29.apk, deviceScreenSize=1080x2400, networkConnectionEnabled=true, warnings={}, databaseEnabled=false, appActivity=app.tara.tara_app.MainActivity, pixelRatio=2.75, locationContextEnabled=false, autoGrantPermissions=true, deviceScreenDensity=440, deviceModel=M2101K6P}]
Session ID: 6efc75e0-7016-4937-918d-f3ea91fa1ffa">
      <![CDATA[org.openqa.selenium.TimeoutException: Timed out after 20 seconds waiting for element to be clickable: Proxy element for: DefaultElementLocator 'By.xpath: //android.widget.ImageView[@content-desc="Add Voucher"]'
Build info: version: '2.53.0', revision: '35ae25b1534ae328c771e0856c93e187490ca824', time: '2016-03-15 10:43:46'
System info: host: 'GVG139', ip: '192.168.1.3', os.name: 'Windows 10', os.arch: 'amd64', os.version: '10.0', java.version: '18.0.1.1'
Driver info: io.appium.java_client.android.AndroidDriver
Capabilities [{appPackage=app.tara.tara_app, statBarHeight=93, noReset=true, viewportRect={top=93, left=0, width=1080, height=2084}, deviceName=9ecba005, platform=LINUX, deviceUDID=9ecba005, desired={appActivity=app.tara.tara_app.MainActivity, appPackage=app.tara.tara_app, app=D:\UnifiedTara\apk\app-release_v3.0.3+29.apk, noReset=true, newCommandTimeout=180, platformVersion=11, browserName=, autoGrantPermissions=true, udid=9ecba005, platformName=Android, deviceName=Redmi sasi}, newCommandTimeout=180, platformVersion=11, webStorageEnabled=false, takesScreenshot=true, browserName=, javascriptEnabled=true, udid=9ecba005, platformName=Android, deviceApiLevel=30, deviceManufacturer=Xiaomi, app=D:\UnifiedTara\apk\app-release_v3.0.3+29.apk, deviceScreenSize=1080x2400, networkConnectionEnabled=true, warnings={}, databaseEnabled=false, appActivity=app.tara.tara_app.MainActivity, pixelRatio=2.75, locationContextEnabled=false, autoGrantPermissions=true, deviceScreenDensity=440, deviceModel=M2101K6P}]
Session ID: 6efc75e0-7016-4937-918d-f3ea91fa1ffa
at org.openqa.selenium.support.ui.WebDriverWait.timeoutException(WebDriverWait.java:80)
at org.openqa.selenium.support.ui.FluentWait.until(FluentWait.java:261)
at pom.UnifiedTara.pages.base.BasePage.waitForElementforClick(BasePage.java:93)
at pom.UnifiedTara.pages.voucher_page.AddVoucher_percent(voucher_page.java:201)
at pom.UnifiedTara_realnumber_Tests.voucher_Test.Test2_addvocherPercent(voucher_Test.java:35)
at java.base/java.util.ArrayList.forEach(ArrayList.java:1511)
Caused by: org.openqa.selenium.NoSuchElementException: An element could not be located on the page using the given search parameters. (WARNING: The server did not provide any stacktrace information)
Command duration or timeout: 10.14 seconds
For documentation on this error, please visit: http://seleniumhq.org/exceptions/no_such_element.html
Build info: version: '2.53.0', revision: '35ae25b1534ae328c771e0856c93e187490ca824', time: '2016-03-15 10:43:46'
System info: host: 'GVG139', ip: '192.168.1.3', os.name: 'Windows 10', os.arch: 'amd64', os.version: '10.0', java.version: '18.0.1.1'
Driver info: io.appium.java_client.android.AndroidDriver
Capabilities [{appPackage=app.tara.tara_app, statBarHeight=93, noReset=true, viewportRect={top=93, left=0, width=1080, height=2084}, deviceName=9ecba005, platform=LINUX, deviceUDID=9ecba005, desired={appActivity=app.tara.tara_app.MainActivity, appPackage=app.tara.tara_app, app=D:\UnifiedTara\apk\app-release_v3.0.3+29.apk, noReset=true, newCommandTimeout=180, platformVersion=11, browserName=, autoGrantPermissions=true, udid=9ecba005, platformName=Android, deviceName=Redmi sasi}, newCommandTimeout=180, platformVersion=11, webStorageEnabled=false, takesScreenshot=true, browserName=, javascriptEnabled=true, udid=9ecba005, platformName=Android, deviceApiLevel=30, deviceManufacturer=Xiaomi, app=D:\UnifiedTara\apk\app-release_v3.0.3+29.apk, deviceScreenSize=1080x2400, networkConnectionEnabled=true, warnings={}, databaseEnabled=false, appActivity=app.tara.tara_app.MainActivity, pixelRatio=2.75, locationContextEnabled=false, autoGrantPermissions=true, deviceScreenDensity=440, deviceModel=M2101K6P}]
Session ID: 6efc75e0-7016-4937-918d-f3ea91fa1ffa
*** Element info: {Using=xpath, value=//android.widget.ImageView[@content-desc="Add Voucher"]}
at org.openqa.selenium.remote.ErrorHandler.createThrowable(ErrorHandler.java:206)
at org.openqa.selenium.remote.ErrorHandler.throwIfResponseFailed(ErrorHandler.java:158)
at org.openqa.selenium.remote.RemoteWebDriver.execute(RemoteWebDriver.java:678)
at io.appium.java_client.DefaultGenericMobileDriver.execute(DefaultGenericMobileDriver.java:42)
at io.appium.java_client.AppiumDriver.execute(AppiumDriver.java:1)
at io.appium.java_client.android.AndroidDriver.execute(AndroidDriver.java:1)
at org.openqa.selenium.remote.RemoteWebDriver.findElement(RemoteWebDriver.java:363)
at org.openqa.selenium.remote.RemoteWebDriver.findElementByXPath(RemoteWebDriver.java:500)
at io.appium.java_client.DefaultGenericMobileDriver.findElementByXPath(DefaultGenericMobileDriver.java:132)
at io.appium.java_client.AppiumDriver.findElementByXPath(AppiumDriver.java:1)
at io.appium.java_client.android.AndroidDriver.findElementByXPath(AndroidDriver.java:1)
at org.openqa.selenium.By$ByXPath.findElement(By.java:361)
at org.openqa.selenium.remote.RemoteWebDriver.findElement(RemoteWebDriver.java:355)
at io.appium.java_client.DefaultGenericMobileDriver.findElement(DefaultGenericMobileDriver.java:52)
at io.appium.java_client.AppiumDriver.findElement(AppiumDriver.java:1)
at io.appium.java_client.android.AndroidDriver.findElement(AndroidDriver.java:1)
at org.openqa.selenium.support.pagefactory.DefaultElementLocator.findElement(DefaultElementLocator.java:69)
at org.openqa.selenium.support.pagefactory.internal.LocatingElementHandler.invoke(LocatingElementHandler.java:38)
at jdk.proxy2/jdk.proxy2.$Proxy12.isDisplayed(Unknown Source)
at org.openqa.selenium.support.ui.ExpectedConditions.elementIfVisible(ExpectedConditions.java:302)
at org.openqa.selenium.support.ui.ExpectedConditions.access$100(ExpectedConditions.java:41)
at org.openqa.selenium.support.ui.ExpectedConditions$10.apply(ExpectedConditions.java:288)
at org.openqa.selenium.support.ui.ExpectedConditions$10.apply(ExpectedConditions.java:285)
at org.openqa.selenium.support.ui.ExpectedConditions$23.apply(ExpectedConditions.java:687)
at org.openqa.selenium.support.ui.ExpectedConditions$23.apply(ExpectedConditions.java:680)
at org.openqa.selenium.support.ui.FluentWait.until(FluentWait.java:238)
... 29 more
... Removed 28 stack frames]]>
    </failure>
  </testcase> <!-- Test2_addvocherPercent -->
  <testcase classname="pom.UnifiedTara_realnumber_Tests.voucher_Test" name="Test3_EditVoucher" time="30.921">
    <failure type="org.openqa.selenium.TimeoutException" message="Timed out after 20 seconds waiting for element to be clickable: Proxy element for: DefaultElementLocator &amp;apos;By.xpath: (//android.view.View[@content-desc=&amp;quot;EDIT&amp;quot;])[1]&amp;apos;
Build info: version: &amp;apos;2.53.0&amp;apos;, revision: &amp;apos;35ae25b1534ae328c771e0856c93e187490ca824&amp;apos;, time: &amp;apos;2016-03-15 10:43:46&amp;apos;
System info: host: &amp;apos;GVG139&amp;apos;, ip: &amp;apos;192.168.1.3&amp;apos;, os.name: &amp;apos;Windows 10&amp;apos;, os.arch: &amp;apos;amd64&amp;apos;, os.version: &amp;apos;10.0&amp;apos;, java.version: &amp;apos;18.0.1.1&amp;apos;
Driver info: io.appium.java_client.android.AndroidDriver
Capabilities [{appPackage=app.tara.tara_app, statBarHeight=93, noReset=true, viewportRect={top=93, left=0, width=1080, height=2084}, deviceName=9ecba005, platform=LINUX, deviceUDID=9ecba005, desired={appActivity=app.tara.tara_app.MainActivity, appPackage=app.tara.tara_app, app=D:\UnifiedTara\apk\app-release_v3.0.3+29.apk, noReset=true, newCommandTimeout=180, platformVersion=11, browserName=, autoGrantPermissions=true, udid=9ecba005, platformName=Android, deviceName=Redmi sasi}, newCommandTimeout=180, platformVersion=11, webStorageEnabled=false, takesScreenshot=true, browserName=, javascriptEnabled=true, udid=9ecba005, platformName=Android, deviceApiLevel=30, deviceManufacturer=Xiaomi, app=D:\UnifiedTara\apk\app-release_v3.0.3+29.apk, deviceScreenSize=1080x2400, networkConnectionEnabled=true, warnings={}, databaseEnabled=false, appActivity=app.tara.tara_app.MainActivity, pixelRatio=2.75, locationContextEnabled=false, autoGrantPermissions=true, deviceScreenDensity=440, deviceModel=M2101K6P}]
Session ID: 6efc75e0-7016-4937-918d-f3ea91fa1ffa">
      <![CDATA[org.openqa.selenium.TimeoutException: Timed out after 20 seconds waiting for element to be clickable: Proxy element for: DefaultElementLocator 'By.xpath: (//android.view.View[@content-desc="EDIT"])[1]'
Build info: version: '2.53.0', revision: '35ae25b1534ae328c771e0856c93e187490ca824', time: '2016-03-15 10:43:46'
System info: host: 'GVG139', ip: '192.168.1.3', os.name: 'Windows 10', os.arch: 'amd64', os.version: '10.0', java.version: '18.0.1.1'
Driver info: io.appium.java_client.android.AndroidDriver
Capabilities [{appPackage=app.tara.tara_app, statBarHeight=93, noReset=true, viewportRect={top=93, left=0, width=1080, height=2084}, deviceName=9ecba005, platform=LINUX, deviceUDID=9ecba005, desired={appActivity=app.tara.tara_app.MainActivity, appPackage=app.tara.tara_app, app=D:\UnifiedTara\apk\app-release_v3.0.3+29.apk, noReset=true, newCommandTimeout=180, platformVersion=11, browserName=, autoGrantPermissions=true, udid=9ecba005, platformName=Android, deviceName=Redmi sasi}, newCommandTimeout=180, platformVersion=11, webStorageEnabled=false, takesScreenshot=true, browserName=, javascriptEnabled=true, udid=9ecba005, platformName=Android, deviceApiLevel=30, deviceManufacturer=Xiaomi, app=D:\UnifiedTara\apk\app-release_v3.0.3+29.apk, deviceScreenSize=1080x2400, networkConnectionEnabled=true, warnings={}, databaseEnabled=false, appActivity=app.tara.tara_app.MainActivity, pixelRatio=2.75, locationContextEnabled=false, autoGrantPermissions=true, deviceScreenDensity=440, deviceModel=M2101K6P}]
Session ID: 6efc75e0-7016-4937-918d-f3ea91fa1ffa
at org.openqa.selenium.support.ui.WebDriverWait.timeoutException(WebDriverWait.java:80)
at org.openqa.selenium.support.ui.FluentWait.until(FluentWait.java:261)
at pom.UnifiedTara.pages.base.BasePage.waitForElementforClick(BasePage.java:93)
at pom.UnifiedTara.pages.voucher_page.EditVoucher(voucher_page.java:268)
at pom.UnifiedTara_realnumber_Tests.voucher_Test.Test3_EditVoucher(voucher_Test.java:43)
at java.base/java.util.ArrayList.forEach(ArrayList.java:1511)
Caused by: org.openqa.selenium.NoSuchElementException: An element could not be located on the page using the given search parameters. (WARNING: The server did not provide any stacktrace information)
Command duration or timeout: 10.13 seconds
For documentation on this error, please visit: http://seleniumhq.org/exceptions/no_such_element.html
Build info: version: '2.53.0', revision: '35ae25b1534ae328c771e0856c93e187490ca824', time: '2016-03-15 10:43:46'
System info: host: 'GVG139', ip: '192.168.1.3', os.name: 'Windows 10', os.arch: 'amd64', os.version: '10.0', java.version: '18.0.1.1'
Driver info: io.appium.java_client.android.AndroidDriver
Capabilities [{appPackage=app.tara.tara_app, statBarHeight=93, noReset=true, viewportRect={top=93, left=0, width=1080, height=2084}, deviceName=9ecba005, platform=LINUX, deviceUDID=9ecba005, desired={appActivity=app.tara.tara_app.MainActivity, appPackage=app.tara.tara_app, app=D:\UnifiedTara\apk\app-release_v3.0.3+29.apk, noReset=true, newCommandTimeout=180, platformVersion=11, browserName=, autoGrantPermissions=true, udid=9ecba005, platformName=Android, deviceName=Redmi sasi}, newCommandTimeout=180, platformVersion=11, webStorageEnabled=false, takesScreenshot=true, browserName=, javascriptEnabled=true, udid=9ecba005, platformName=Android, deviceApiLevel=30, deviceManufacturer=Xiaomi, app=D:\UnifiedTara\apk\app-release_v3.0.3+29.apk, deviceScreenSize=1080x2400, networkConnectionEnabled=true, warnings={}, databaseEnabled=false, appActivity=app.tara.tara_app.MainActivity, pixelRatio=2.75, locationContextEnabled=false, autoGrantPermissions=true, deviceScreenDensity=440, deviceModel=M2101K6P}]
Session ID: 6efc75e0-7016-4937-918d-f3ea91fa1ffa
*** Element info: {Using=xpath, value=(//android.view.View[@content-desc="EDIT"])[1]}
at org.openqa.selenium.remote.ErrorHandler.createThrowable(ErrorHandler.java:206)
at org.openqa.selenium.remote.ErrorHandler.throwIfResponseFailed(ErrorHandler.java:158)
at org.openqa.selenium.remote.RemoteWebDriver.execute(RemoteWebDriver.java:678)
at io.appium.java_client.DefaultGenericMobileDriver.execute(DefaultGenericMobileDriver.java:42)
at io.appium.java_client.AppiumDriver.execute(AppiumDriver.java:1)
at io.appium.java_client.android.AndroidDriver.execute(AndroidDriver.java:1)
at org.openqa.selenium.remote.RemoteWebDriver.findElement(RemoteWebDriver.java:363)
at org.openqa.selenium.remote.RemoteWebDriver.findElementByXPath(RemoteWebDriver.java:500)
at io.appium.java_client.DefaultGenericMobileDriver.findElementByXPath(DefaultGenericMobileDriver.java:132)
at io.appium.java_client.AppiumDriver.findElementByXPath(AppiumDriver.java:1)
at io.appium.java_client.android.AndroidDriver.findElementByXPath(AndroidDriver.java:1)
at org.openqa.selenium.By$ByXPath.findElement(By.java:361)
at org.openqa.selenium.remote.RemoteWebDriver.findElement(RemoteWebDriver.java:355)
at io.appium.java_client.DefaultGenericMobileDriver.findElement(DefaultGenericMobileDriver.java:52)
at io.appium.java_client.AppiumDriver.findElement(AppiumDriver.java:1)
at io.appium.java_client.android.AndroidDriver.findElement(AndroidDriver.java:1)
at org.openqa.selenium.support.pagefactory.DefaultElementLocator.findElement(DefaultElementLocator.java:69)
at org.openqa.selenium.support.pagefactory.internal.LocatingElementHandler.invoke(LocatingElementHandler.java:38)
at jdk.proxy2/jdk.proxy2.$Proxy12.isDisplayed(Unknown Source)
at org.openqa.selenium.support.ui.ExpectedConditions.elementIfVisible(ExpectedConditions.java:302)
at org.openqa.selenium.support.ui.ExpectedConditions.access$100(ExpectedConditions.java:41)
at org.openqa.selenium.support.ui.ExpectedConditions$10.apply(ExpectedConditions.java:288)
at org.openqa.selenium.support.ui.ExpectedConditions$10.apply(ExpectedConditions.java:285)
at org.openqa.selenium.support.ui.ExpectedConditions$23.apply(ExpectedConditions.java:687)
at org.openqa.selenium.support.ui.ExpectedConditions$23.apply(ExpectedConditions.java:680)
at org.openqa.selenium.support.ui.FluentWait.until(FluentWait.java:238)
... 29 more
... Removed 28 stack frames]]>
    </failure>
  </testcase> <!-- Test3_EditVoucher -->
  <testcase classname="pom.UnifiedTara_realnumber_Tests.voucher_Test" name="Test4_AddVoucherRP_mapcategory" time="52.988">
    <failure type="org.openqa.selenium.TimeoutException" message="Timed out after 40 seconds waiting for element to be clickable: Proxy element for: DefaultElementLocator &amp;apos;By.xpath: //android.widget.ImageView[@content-desc=&amp;quot;Add Voucher&amp;quot;]&amp;apos;
Build info: version: &amp;apos;2.53.0&amp;apos;, revision: &amp;apos;35ae25b1534ae328c771e0856c93e187490ca824&amp;apos;, time: &amp;apos;2016-03-15 10:43:46&amp;apos;
System info: host: &amp;apos;GVG139&amp;apos;, ip: &amp;apos;192.168.1.3&amp;apos;, os.name: &amp;apos;Windows 10&amp;apos;, os.arch: &amp;apos;amd64&amp;apos;, os.version: &amp;apos;10.0&amp;apos;, java.version: &amp;apos;18.0.1.1&amp;apos;
Driver info: io.appium.java_client.android.AndroidDriver
Capabilities [{appPackage=app.tara.tara_app, statBarHeight=93, noReset=true, viewportRect={top=93, left=0, width=1080, height=2084}, deviceName=9ecba005, platform=LINUX, deviceUDID=9ecba005, desired={appActivity=app.tara.tara_app.MainActivity, appPackage=app.tara.tara_app, app=D:\UnifiedTara\apk\app-release_v3.0.3+29.apk, noReset=true, newCommandTimeout=180, platformVersion=11, browserName=, autoGrantPermissions=true, udid=9ecba005, platformName=Android, deviceName=Redmi sasi}, newCommandTimeout=180, platformVersion=11, webStorageEnabled=false, takesScreenshot=true, browserName=, javascriptEnabled=true, udid=9ecba005, platformName=Android, deviceApiLevel=30, deviceManufacturer=Xiaomi, app=D:\UnifiedTara\apk\app-release_v3.0.3+29.apk, deviceScreenSize=1080x2400, networkConnectionEnabled=true, warnings={}, databaseEnabled=false, appActivity=app.tara.tara_app.MainActivity, pixelRatio=2.75, locationContextEnabled=false, autoGrantPermissions=true, deviceScreenDensity=440, deviceModel=M2101K6P}]
Session ID: 6efc75e0-7016-4937-918d-f3ea91fa1ffa">
      <![CDATA[org.openqa.selenium.TimeoutException: Timed out after 40 seconds waiting for element to be clickable: Proxy element for: DefaultElementLocator 'By.xpath: //android.widget.ImageView[@content-desc="Add Voucher"]'
Build info: version: '2.53.0', revision: '35ae25b1534ae328c771e0856c93e187490ca824', time: '2016-03-15 10:43:46'
System info: host: 'GVG139', ip: '192.168.1.3', os.name: 'Windows 10', os.arch: 'amd64', os.version: '10.0', java.version: '18.0.1.1'
Driver info: io.appium.java_client.android.AndroidDriver
Capabilities [{appPackage=app.tara.tara_app, statBarHeight=93, noReset=true, viewportRect={top=93, left=0, width=1080, height=2084}, deviceName=9ecba005, platform=LINUX, deviceUDID=9ecba005, desired={appActivity=app.tara.tara_app.MainActivity, appPackage=app.tara.tara_app, app=D:\UnifiedTara\apk\app-release_v3.0.3+29.apk, noReset=true, newCommandTimeout=180, platformVersion=11, browserName=, autoGrantPermissions=true, udid=9ecba005, platformName=Android, deviceName=Redmi sasi}, newCommandTimeout=180, platformVersion=11, webStorageEnabled=false, takesScreenshot=true, browserName=, javascriptEnabled=true, udid=9ecba005, platformName=Android, deviceApiLevel=30, deviceManufacturer=Xiaomi, app=D:\UnifiedTara\apk\app-release_v3.0.3+29.apk, deviceScreenSize=1080x2400, networkConnectionEnabled=true, warnings={}, databaseEnabled=false, appActivity=app.tara.tara_app.MainActivity, pixelRatio=2.75, locationContextEnabled=false, autoGrantPermissions=true, deviceScreenDensity=440, deviceModel=M2101K6P}]
Session ID: 6efc75e0-7016-4937-918d-f3ea91fa1ffa
at org.openqa.selenium.support.ui.WebDriverWait.timeoutException(WebDriverWait.java:80)
at org.openqa.selenium.support.ui.FluentWait.until(FluentWait.java:261)
at pom.UnifiedTara.pages.base.BasePage.waitForElementforClick(BasePage.java:93)
at pom.UnifiedTara.pages.voucher_page.AddVoucherRP_mapcategory(voucher_page.java:341)
at pom.UnifiedTara_realnumber_Tests.voucher_Test.Test4_AddVoucherRP_mapcategory(voucher_Test.java:51)
at java.base/java.util.ArrayList.forEach(ArrayList.java:1511)
Caused by: org.openqa.selenium.NoSuchElementException: An element could not be located on the page using the given search parameters. (WARNING: The server did not provide any stacktrace information)
Command duration or timeout: 10.14 seconds
For documentation on this error, please visit: http://seleniumhq.org/exceptions/no_such_element.html
Build info: version: '2.53.0', revision: '35ae25b1534ae328c771e0856c93e187490ca824', time: '2016-03-15 10:43:46'
System info: host: 'GVG139', ip: '192.168.1.3', os.name: 'Windows 10', os.arch: 'amd64', os.version: '10.0', java.version: '18.0.1.1'
Driver info: io.appium.java_client.android.AndroidDriver
Capabilities [{appPackage=app.tara.tara_app, statBarHeight=93, noReset=true, viewportRect={top=93, left=0, width=1080, height=2084}, deviceName=9ecba005, platform=LINUX, deviceUDID=9ecba005, desired={appActivity=app.tara.tara_app.MainActivity, appPackage=app.tara.tara_app, app=D:\UnifiedTara\apk\app-release_v3.0.3+29.apk, noReset=true, newCommandTimeout=180, platformVersion=11, browserName=, autoGrantPermissions=true, udid=9ecba005, platformName=Android, deviceName=Redmi sasi}, newCommandTimeout=180, platformVersion=11, webStorageEnabled=false, takesScreenshot=true, browserName=, javascriptEnabled=true, udid=9ecba005, platformName=Android, deviceApiLevel=30, deviceManufacturer=Xiaomi, app=D:\UnifiedTara\apk\app-release_v3.0.3+29.apk, deviceScreenSize=1080x2400, networkConnectionEnabled=true, warnings={}, databaseEnabled=false, appActivity=app.tara.tara_app.MainActivity, pixelRatio=2.75, locationContextEnabled=false, autoGrantPermissions=true, deviceScreenDensity=440, deviceModel=M2101K6P}]
Session ID: 6efc75e0-7016-4937-918d-f3ea91fa1ffa
*** Element info: {Using=xpath, value=//android.widget.ImageView[@content-desc="Add Voucher"]}
at org.openqa.selenium.remote.ErrorHandler.createThrowable(ErrorHandler.java:206)
at org.openqa.selenium.remote.ErrorHandler.throwIfResponseFailed(ErrorHandler.java:158)
at org.openqa.selenium.remote.RemoteWebDriver.execute(RemoteWebDriver.java:678)
at io.appium.java_client.DefaultGenericMobileDriver.execute(DefaultGenericMobileDriver.java:42)
at io.appium.java_client.AppiumDriver.execute(AppiumDriver.java:1)
at io.appium.java_client.android.AndroidDriver.execute(AndroidDriver.java:1)
at org.openqa.selenium.remote.RemoteWebDriver.findElement(RemoteWebDriver.java:363)
at org.openqa.selenium.remote.RemoteWebDriver.findElementByXPath(RemoteWebDriver.java:500)
at io.appium.java_client.DefaultGenericMobileDriver.findElementByXPath(DefaultGenericMobileDriver.java:132)
at io.appium.java_client.AppiumDriver.findElementByXPath(AppiumDriver.java:1)
at io.appium.java_client.android.AndroidDriver.findElementByXPath(AndroidDriver.java:1)
at org.openqa.selenium.By$ByXPath.findElement(By.java:361)
at org.openqa.selenium.remote.RemoteWebDriver.findElement(RemoteWebDriver.java:355)
at io.appium.java_client.DefaultGenericMobileDriver.findElement(DefaultGenericMobileDriver.java:52)
at io.appium.java_client.AppiumDriver.findElement(AppiumDriver.java:1)
at io.appium.java_client.android.AndroidDriver.findElement(AndroidDriver.java:1)
at org.openqa.selenium.support.pagefactory.DefaultElementLocator.findElement(DefaultElementLocator.java:69)
at org.openqa.selenium.support.pagefactory.internal.LocatingElementHandler.invoke(LocatingElementHandler.java:38)
at jdk.proxy2/jdk.proxy2.$Proxy12.isDisplayed(Unknown Source)
at org.openqa.selenium.support.ui.ExpectedConditions.elementIfVisible(ExpectedConditions.java:302)
at org.openqa.selenium.support.ui.ExpectedConditions.access$100(ExpectedConditions.java:41)
at org.openqa.selenium.support.ui.ExpectedConditions$10.apply(ExpectedConditions.java:288)
at org.openqa.selenium.support.ui.ExpectedConditions$10.apply(ExpectedConditions.java:285)
at org.openqa.selenium.support.ui.ExpectedConditions$23.apply(ExpectedConditions.java:687)
at org.openqa.selenium.support.ui.ExpectedConditions$23.apply(ExpectedConditions.java:680)
at org.openqa.selenium.support.ui.FluentWait.until(FluentWait.java:238)
... 29 more
... Removed 28 stack frames]]>
    </failure>
  </testcase> <!-- Test4_AddVoucherRP_mapcategory -->
  <testcase classname="pom.UnifiedTara_realnumber_Tests.AddPromotion_Test" name="Test1_AddPromotion" time="75.616"/>
  <testcase classname="pom.UnifiedTara_realnumber_Tests.BaseTest" name="@AfterTest quit" time="0.0">
    <ignored/>
  </testcase> <!-- @AfterTest quit -->
  <testcase classname="pom.UnifiedTara_realnumber_Tests.BaseTest" name="@AfterTest quit" time="0.0">
    <ignored/>
  </testcase> <!-- @AfterTest quit -->
  <testcase classname="pom.UnifiedTara_realnumber_Tests.BaseTest" name="@AfterTest quit" time="0.0">
    <ignored/>
  </testcase> <!-- @AfterTest quit -->
  <testcase classname="pom.UnifiedTara_realnumber_Tests.BaseTest" name="@AfterTest quit" time="0.0">
    <ignored/>
  </testcase> <!-- @AfterTest quit -->
  <testcase classname="pom.UnifiedTara_realnumber_Tests.BaseTest" name="@AfterTest quit" time="0.0">
    <ignored/>
  </testcase> <!-- @AfterTest quit -->
  <testcase classname="pom.UnifiedTara_realnumber_Tests.BaseTest" name="@AfterTest quit" time="0.0">
    <ignored/>
  </testcase> <!-- @AfterTest quit -->
  <testcase classname="pom.UnifiedTara_realnumber_Tests.BaseTest" name="@AfterTest quit" time="0.0">
    <ignored/>
  </testcase> <!-- @AfterTest quit -->
  <testcase classname="pom.UnifiedTara_realnumber_Tests.BaseTest" name="@AfterTest quit" time="0.0">
    <ignored/>
  </testcase> <!-- @AfterTest quit -->
</testsuite> <!-- Test -->
