<?xml version="1.0" encoding="UTF-8"?>
<!-- Generated by org.testng.reporters.JUnitXMLReporter -->
<testsuite ignored="1" hostname="GVG-103" failures="1" tests="5" name="Test1" time="466.36" errors="0" timestamp="2022-10-07T12:06:00 IST">
  <testcase classname="pom.UnifiedTara_realnumber_Tests.Onboarding_Test" name="Add_PaymentTest" time="270.117">
    <failure type="org.openqa.selenium.TimeoutException" message="Timed out after 60 seconds waiting for element to be clickable: Proxy element for: DefaultElementLocator &amp;apos;By.xpath: //android.view.View[@content-desc=&amp;quot;Skip to Home&amp;quot;]&amp;apos;
Build info: version: &amp;apos;2.53.0&amp;apos;, revision: &amp;apos;35ae25b1534ae328c771e0856c93e187490ca824&amp;apos;, time: &amp;apos;2016-03-15 10:43:46&amp;apos;
System info: host: &amp;apos;GVG-103&amp;apos;, ip: &amp;apos;192.168.43.32&amp;apos;, os.name: &amp;apos;Windows 10&amp;apos;, os.arch: &amp;apos;amd64&amp;apos;, os.version: &amp;apos;10.0&amp;apos;, java.version: &amp;apos;18.0.1.1&amp;apos;
Driver info: io.appium.java_client.android.AndroidDriver
Capabilities [{appPackage=app.tara.tara_app, statBarHeight=50, noReset=true, viewportRect={top=50, left=0, width=720, height=1294}, deviceName=08a4e2567d2a, platform=LINUX, deviceUDID=08a4e2567d2a, desired={appActivity=app.tara.tara_app.MainActivity, appPackage=app.tara.tara_app, app=D:\UnifiedTara\apk\app-release_v35.apk, noReset=true, newCommandTimeout=180, platformVersion=8.1.0, browserName=, autoGrantPermissions=true, udid=08a4e2567d2a, platformName=Android, deviceName=Redmi}, newCommandTimeout=180, platformVersion=8.1.0, webStorageEnabled=false, takesScreenshot=true, browserName=, javascriptEnabled=true, udid=08a4e2567d2a, platformName=Android, deviceApiLevel=27, deviceManufacturer=Xiaomi, app=D:\UnifiedTara\apk\app-release_v35.apk, deviceScreenSize=720x1440, networkConnectionEnabled=true, warnings={}, databaseEnabled=false, appActivity=app.tara.tara_app.MainActivity, pixelRatio=2, locationContextEnabled=false, autoGrantPermissions=true, deviceScreenDensity=320, deviceModel=Redmi 6}]
Session ID: 51c7a1d4-09ab-4d27-aa22-c7d79eeda2f3">
      <![CDATA[org.openqa.selenium.TimeoutException: Timed out after 60 seconds waiting for element to be clickable: Proxy element for: DefaultElementLocator 'By.xpath: //android.view.View[@content-desc="Skip to Home"]'
Build info: version: '2.53.0', revision: '35ae25b1534ae328c771e0856c93e187490ca824', time: '2016-03-15 10:43:46'
System info: host: 'GVG-103', ip: '192.168.43.32', os.name: 'Windows 10', os.arch: 'amd64', os.version: '10.0', java.version: '18.0.1.1'
Driver info: io.appium.java_client.android.AndroidDriver
Capabilities [{appPackage=app.tara.tara_app, statBarHeight=50, noReset=true, viewportRect={top=50, left=0, width=720, height=1294}, deviceName=08a4e2567d2a, platform=LINUX, deviceUDID=08a4e2567d2a, desired={appActivity=app.tara.tara_app.MainActivity, appPackage=app.tara.tara_app, app=D:\UnifiedTara\apk\app-release_v35.apk, noReset=true, newCommandTimeout=180, platformVersion=8.1.0, browserName=, autoGrantPermissions=true, udid=08a4e2567d2a, platformName=Android, deviceName=Redmi}, newCommandTimeout=180, platformVersion=8.1.0, webStorageEnabled=false, takesScreenshot=true, browserName=, javascriptEnabled=true, udid=08a4e2567d2a, platformName=Android, deviceApiLevel=27, deviceManufacturer=Xiaomi, app=D:\UnifiedTara\apk\app-release_v35.apk, deviceScreenSize=720x1440, networkConnectionEnabled=true, warnings={}, databaseEnabled=false, appActivity=app.tara.tara_app.MainActivity, pixelRatio=2, locationContextEnabled=false, autoGrantPermissions=true, deviceScreenDensity=320, deviceModel=Redmi 6}]
Session ID: 51c7a1d4-09ab-4d27-aa22-c7d79eeda2f3
at org.openqa.selenium.support.ui.WebDriverWait.timeoutException(WebDriverWait.java:80)
at org.openqa.selenium.support.ui.FluentWait.until(FluentWait.java:261)
at pom.UnifiedTara.pages.base.BasePage.waitForElementforClick(BasePage.java:93)
at pom.UnifiedTara.pages.StoreCreation_Page.create_store(StoreCreation_Page.java:195)
at pom.UnifiedTara_realnumber_Tests.Onboarding_Test.Add_PaymentTest(Onboarding_Test.java:37)
at java.base/java.util.ArrayList.forEach(ArrayList.java:1511)
Caused by: org.openqa.selenium.NoSuchElementException: An element could not be located on the page using the given search parameters. (WARNING: The server did not provide any stacktrace information)
Command duration or timeout: 10.41 seconds
For documentation on this error, please visit: http://seleniumhq.org/exceptions/no_such_element.html
Build info: version: '2.53.0', revision: '35ae25b1534ae328c771e0856c93e187490ca824', time: '2016-03-15 10:43:46'
System info: host: 'GVG-103', ip: '192.168.43.32', os.name: 'Windows 10', os.arch: 'amd64', os.version: '10.0', java.version: '18.0.1.1'
Driver info: io.appium.java_client.android.AndroidDriver
Capabilities [{appPackage=app.tara.tara_app, statBarHeight=50, noReset=true, viewportRect={top=50, left=0, width=720, height=1294}, deviceName=08a4e2567d2a, platform=LINUX, deviceUDID=08a4e2567d2a, desired={appActivity=app.tara.tara_app.MainActivity, appPackage=app.tara.tara_app, app=D:\UnifiedTara\apk\app-release_v35.apk, noReset=true, newCommandTimeout=180, platformVersion=8.1.0, browserName=, autoGrantPermissions=true, udid=08a4e2567d2a, platformName=Android, deviceName=Redmi}, newCommandTimeout=180, platformVersion=8.1.0, webStorageEnabled=false, takesScreenshot=true, browserName=, javascriptEnabled=true, udid=08a4e2567d2a, platformName=Android, deviceApiLevel=27, deviceManufacturer=Xiaomi, app=D:\UnifiedTara\apk\app-release_v35.apk, deviceScreenSize=720x1440, networkConnectionEnabled=true, warnings={}, databaseEnabled=false, appActivity=app.tara.tara_app.MainActivity, pixelRatio=2, locationContextEnabled=false, autoGrantPermissions=true, deviceScreenDensity=320, deviceModel=Redmi 6}]
Session ID: 51c7a1d4-09ab-4d27-aa22-c7d79eeda2f3
*** Element info: {Using=xpath, value=//android.view.View[@content-desc="Skip to Home"]}
at org.openqa.selenium.remote.ErrorHandler.createThrowable(ErrorHandler.java:206)
at org.openqa.selenium.remote.ErrorHandler.throwIfResponseFailed(ErrorHandler.java:158)
at org.openqa.selenium.remote.RemoteWebDriver.execute(RemoteWebDriver.java:678)
at io.appium.java_client.DefaultGenericMobileDriver.execute(DefaultGenericMobileDriver.java:42)
at io.appium.java_client.AppiumDriver.execute(AppiumDriver.java:1)
at io.appium.java_client.android.AndroidDriver.execute(AndroidDriver.java:1)
at org.openqa.selenium.remote.RemoteWebDriver.findElement(RemoteWebDriver.java:363)
at org.openqa.selenium.remote.RemoteWebDriver.findElementByXPath(RemoteWebDriver.java:500)
at io.appium.java_client.DefaultGenericMobileDriver.findElementByXPath(DefaultGenericMobileDriver.java:132)
at io.appium.java_client.AppiumDriver.findElementByXPath(AppiumDriver.java:1)
at io.appium.java_client.android.AndroidDriver.findElementByXPath(AndroidDriver.java:1)
at org.openqa.selenium.By$ByXPath.findElement(By.java:361)
at org.openqa.selenium.remote.RemoteWebDriver.findElement(RemoteWebDriver.java:355)
at io.appium.java_client.DefaultGenericMobileDriver.findElement(DefaultGenericMobileDriver.java:52)
at io.appium.java_client.AppiumDriver.findElement(AppiumDriver.java:1)
at io.appium.java_client.android.AndroidDriver.findElement(AndroidDriver.java:1)
at org.openqa.selenium.support.pagefactory.DefaultElementLocator.findElement(DefaultElementLocator.java:69)
at org.openqa.selenium.support.pagefactory.internal.LocatingElementHandler.invoke(LocatingElementHandler.java:38)
at jdk.proxy2/jdk.proxy2.$Proxy12.isDisplayed(Unknown Source)
at org.openqa.selenium.support.ui.ExpectedConditions.elementIfVisible(ExpectedConditions.java:302)
at org.openqa.selenium.support.ui.ExpectedConditions.access$100(ExpectedConditions.java:41)
at org.openqa.selenium.support.ui.ExpectedConditions$10.apply(ExpectedConditions.java:288)
at org.openqa.selenium.support.ui.ExpectedConditions$10.apply(ExpectedConditions.java:285)
at org.openqa.selenium.support.ui.ExpectedConditions$23.apply(ExpectedConditions.java:687)
at org.openqa.selenium.support.ui.ExpectedConditions$23.apply(ExpectedConditions.java:680)
at org.openqa.selenium.support.ui.FluentWait.until(FluentWait.java:238)
... 29 more
... Removed 28 stack frames]]>
    </failure>
  </testcase> <!-- Add_PaymentTest -->
  <testcase classname="pom.UnifiedTara_realnumber_Tests.AddProduct_Test" name="Test1_addproduct" time="95.696"/>
  <testcase classname="pom.UnifiedTara_realnumber_Tests.AddProduct_Test" name="Test2_EditProduct" time="20.192"/>
  <testcase classname="pom.UnifiedTara_realnumber_Tests.AddProduct_Test" name="Test3_Deleteproduct" time="33.635"/>
  <testcase classname="pom.UnifiedTara_realnumber_Tests.AddProduct_Test" name="Test4_AddProductWithoutName" time="46.317"/>
  <testcase classname="pom.UnifiedTara_realnumber_Tests.BaseTest" name="@AfterTest quit" time="0.0">
    <ignored/>
  </testcase> <!-- @AfterTest quit -->
</testsuite> <!-- Test1 -->
